[2023-06-10 23:43:08] error requirement.txt not found.
[2023-06-11 19:31:33] info faild bcrypt 4.0.1 install faild,Please install manually.
[2023-06-11 19:31:33] info faild bcrypt 4.0.1 install faild,Please install manually.
[2023-06-11 19:31:33] info skip bcrypt, Version available, no need to repeat, skipped.
[2023-06-11 19:31:33] info faild bcrypt 4.0.1 install faild,Please install manually.
[2023-06-11 19:31:33] info faild bcrypt 4.0.1 install faild,Please install manually.
[2023-06-11 19:31:33] info faild bcrypt 4.0.1 install faild,Please install manually.
[2023-06-11 19:31:33] info faild bcrypt 4.0.1 install faild,Please install manually.
[2023-06-11 19:31:33] info faild bcrypt 4.0.1 install faild,Please install manually.
[2023-06-11 19:31:33] info faild bcrypt 4.0.1 install faild,Please install manually.
[2023-06-11 19:31:33] info faild bcrypt 4.0.1 install faild,Please install manually.
[2023-06-11 19:31:33] info faild bcrypt 4.0.1 install faild,Please install manually.
[2023-06-11 19:31:33] info faild bcrypt 4.0.1 install faild,Please install manually.
[2023-06-11 19:31:33] info faild bcrypt 4.0.1 install faild,Please install manually.
[2023-06-11 19:31:33] info faild bcrypt 4.0.1 install faild,Please install manually.
[2023-06-11 19:31:34] info faild bcrypt 4.0.1 install faild,Please install manually.
[2023-06-11 19:31:34] info faild bcrypt 4.0.1 install faild,Please install manually.
[2023-06-11 19:31:34] info faild bcrypt 4.0.1 install faild,Please install manually.
[2023-06-11 19:31:34] info faild bcrypt 4.0.1 install faild,Please install manually.
[2023-06-11 19:31:34] info faild bcrypt 4.0.1 install faild,Please install manually.
[2023-06-11 19:31:34] info faild bcrypt 4.0.1 install faild,Please install manually.
[2023-06-11 19:31:34] info faild bcrypt 4.0.1 install faild,Please install manually.
[2023-06-11 19:31:34] info faild bcrypt 4.0.1 install faild,Please install manually.
[2023-06-11 19:31:34] info faild bcrypt 4.0.1 install faild,Please install manually.
[2023-06-11 19:31:34] info faild bcrypt 4.0.1 install faild,Please install manually.
[2023-06-11 19:31:34] info faild bcrypt 4.0.1 install faild,Please install manually.
[2023-06-11 19:31:34] info faild bcrypt 4.0.1 install faild,Please install manually.
[2023-06-11 19:31:34] info faild bcrypt 4.0.1 install faild,Please install manually.
[2023-06-11 19:31:34] info faild bcrypt 4.0.1 install faild,Please install manually.
[2023-06-11 19:31:34] info faild bcrypt 4.0.1 install faild,Please install manually.
[2023-06-11 19:31:34] info faild bcrypt 4.0.1 install faild,Please install manually.
[2023-06-11 19:31:34] info faild bcrypt 4.0.1 install faild,Please install manually.
[2023-06-11 19:31:34] info faild bcrypt 4.0.1 install faild,Please install manually.
[2023-06-11 19:31:34] info faild bcrypt 4.0.1 install faild,Please install manually.
[2023-06-11 19:31:34] info faild bcrypt 4.0.1 install faild,Please install manually.
[2023-06-11 19:31:34] info faild bcrypt 4.0.1 install faild,Please install manually.
[2023-06-11 19:31:34] info faild cffi =1.15.1 install faild,Please install manually.
[2023-06-11 19:31:34] info faild cffi =1.15.1 install faild,Please install manually.
[2023-06-11 19:31:34] info faild cffi =1.15.1 install faild,Please install manually.
[2023-06-11 19:31:34] info faild cffi =1.15.1 install faild,Please install manually.
[2023-06-11 19:31:34] info faild cffi =1.15.1 install faild,Please install manually.
[2023-06-11 19:31:34] info faild cffi =1.15.1 install faild,Please install manually.
[2023-06-11 19:31:34] info faild cffi =1.15.1 install faild,Please install manually.
[2023-06-11 19:31:34] info faild cffi =1.15.1 install faild,Please install manually.
[2023-06-11 19:31:34] info faild cffi =1.15.1 install faild,Please install manually.
[2023-06-11 19:31:34] info faild cffi =1.15.1 install faild,Please install manually.
[2023-06-11 19:31:34] info faild cffi =1.15.1 install faild,Please install manually.
[2023-06-11 19:31:35] info faild cffi =1.15.1 install faild,Please install manually.
[2023-06-11 19:31:35] info faild cffi =1.15.1 install faild,Please install manually.
[2023-06-11 19:31:36] info faild cffi =1.15.1 install faild,Please install manually.
[2023-06-11 19:31:37] info faild cffi =1.15.1 install faild,Please install manually.
[2023-06-11 19:31:38] info faild cffi =1.15.1 install faild,Please install manually.
[2023-06-11 19:31:39] info faild cffi =1.15.1 install faild,Please install manually.
[2023-06-11 19:31:40] info faild cffi =1.15.1 install faild,Please install manually.
[2023-06-11 19:31:41] info faild cffi =1.15.1 install faild,Please install manually.
[2023-06-11 19:31:43] info faild cffi =1.15.1 install faild,Please install manually.
[2023-06-11 19:31:45] info faild cffi =1.15.1 install faild,Please install manually.
[2023-06-11 19:31:48] info faild cffi =1.15.1 install faild,Please install manually.
[2023-06-11 19:36:16] info faild bcrypt 4.0.1 install faild,Please install manually.
[2023-06-11 19:36:16] info faild bcrypt 4.0.1 install faild,Please install manually.
[2023-06-11 19:36:16] info skip bcrypt, Version available, no need to repeat, skipped.
[2023-06-11 19:36:16] info faild bcrypt 4.0.1 install faild,Please install manually.
[2023-06-11 19:36:16] info faild bcrypt 4.0.1 install faild,Please install manually.
[2023-06-11 19:36:16] info faild bcrypt 4.0.1 install faild,Please install manually.
[2023-06-11 19:36:16] info faild bcrypt 4.0.1 install faild,Please install manually.
[2023-06-11 19:36:16] info faild bcrypt 4.0.1 install faild,Please install manually.
[2023-06-11 19:36:16] info faild bcrypt 4.0.1 install faild,Please install manually.
[2023-06-11 19:36:16] info faild bcrypt 4.0.1 install faild,Please install manually.
[2023-06-11 19:36:16] info faild bcrypt 4.0.1 install faild,Please install manually.
[2023-06-11 19:36:16] info faild bcrypt 4.0.1 install faild,Please install manually.
[2023-06-11 19:36:16] info faild bcrypt 4.0.1 install faild,Please install manually.
[2023-06-11 19:36:16] info faild bcrypt 4.0.1 install faild,Please install manually.
[2023-06-11 19:36:16] info faild bcrypt 4.0.1 install faild,Please install manually.
[2023-06-11 19:36:16] info faild bcrypt 4.0.1 install faild,Please install manually.
[2023-06-11 19:36:16] info faild bcrypt 4.0.1 install faild,Please install manually.
[2023-06-11 19:36:16] info faild bcrypt 4.0.1 install faild,Please install manually.
[2023-06-11 19:36:16] info faild bcrypt 4.0.1 install faild,Please install manually.
[2023-06-11 19:36:16] info faild bcrypt 4.0.1 install faild,Please install manually.
[2023-06-11 19:36:16] info faild bcrypt 4.0.1 install faild,Please install manually.
[2023-06-11 19:36:16] info faild bcrypt 4.0.1 install faild,Please install manually.
[2023-06-11 19:36:16] info faild bcrypt 4.0.1 install faild,Please install manually.
[2023-06-11 19:36:16] info faild bcrypt 4.0.1 install faild,Please install manually.
[2023-06-11 19:36:16] info faild bcrypt 4.0.1 install faild,Please install manually.
[2023-06-11 19:36:16] info faild bcrypt 4.0.1 install faild,Please install manually.
[2023-06-11 19:36:16] info faild bcrypt 4.0.1 install faild,Please install manually.
[2023-06-11 19:36:16] info faild bcrypt 4.0.1 install faild,Please install manually.
[2023-06-11 19:36:16] info faild bcrypt 4.0.1 install faild,Please install manually.
[2023-06-11 19:36:16] info faild bcrypt 4.0.1 install faild,Please install manually.
[2023-06-11 19:36:16] info faild bcrypt 4.0.1 install faild,Please install manually.
[2023-06-11 19:36:16] info faild bcrypt 4.0.1 install faild,Please install manually.
[2023-06-11 19:36:16] info faild bcrypt 4.0.1 install faild,Please install manually.
[2023-06-11 19:36:16] info faild bcrypt 4.0.1 install faild,Please install manually.
[2023-06-11 19:36:16] info faild bcrypt 4.0.1 install faild,Please install manually.
[2023-06-11 19:36:16] info faild cffi =1.15.1 install faild,Please install manually.
[2023-06-11 19:36:16] info faild cffi =1.15.1 install faild,Please install manually.
[2023-06-11 19:36:16] info faild cffi =1.15.1 install faild,Please install manually.
[2023-06-11 19:36:16] info faild cffi =1.15.1 install faild,Please install manually.
[2023-06-11 19:36:16] info faild cffi =1.15.1 install faild,Please install manually.
[2023-06-11 19:36:16] info faild cffi =1.15.1 install faild,Please install manually.
[2023-06-11 19:36:16] info faild cffi =1.15.1 install faild,Please install manually.
[2023-06-11 19:36:16] info faild cffi =1.15.1 install faild,Please install manually.
[2023-06-11 19:36:16] info faild cffi =1.15.1 install faild,Please install manually.
[2023-06-11 19:36:16] info faild cffi =1.15.1 install faild,Please install manually.
[2023-06-11 19:36:16] info faild cffi =1.15.1 install faild,Please install manually.
[2023-06-11 19:36:16] info faild cffi =1.15.1 install faild,Please install manually.
[2023-06-11 19:36:16] info faild cffi =1.15.1 install faild,Please install manually.
[2023-06-11 19:36:16] info faild cffi =1.15.1 install faild,Please install manually.
[2023-06-11 19:36:16] info faild cffi =1.15.1 install faild,Please install manually.
[2023-06-11 19:36:16] info faild cffi =1.15.1 install faild,Please install manually.
[2023-06-11 19:36:16] info faild cffi =1.15.1 install faild,Please install manually.
[2023-06-11 19:36:16] info faild cffi =1.15.1 install faild,Please install manually.
[2023-06-11 19:36:16] info faild cffi =1.15.1 install faild,Please install manually.
[2023-06-11 19:36:16] info faild cffi =1.15.1 install faild,Please install manually.
[2023-06-11 19:36:16] info faild cffi =1.15.1 install faild,Please install manually.
[2023-06-11 19:36:16] info faild cffi =1.15.1 install faild,Please install manually.
[2023-06-11 19:36:16] info faild cffi =1.15.1 install faild,Please install manually.
[2023-06-11 19:36:16] info faild cffi =1.15.1 install faild,Please install manually.
[2023-06-11 19:36:16] info faild cffi =1.15.1 install faild,Please install manually.
[2023-06-11 19:36:16] info faild cffi =1.15.1 install faild,Please install manually.
[2023-06-11 19:36:16] info faild cffi =1.15.1 install faild,Please install manually.
[2023-06-11 19:36:16] info faild cffi =1.15.1 install faild,Please install manually.
[2023-06-11 19:36:16] info faild cffi =1.15.1 install faild,Please install manually.
[2023-06-11 19:36:16] info faild cffi =1.15.1 install faild,Please install manually.
[2023-06-11 19:36:16] info faild cffi =1.15.1 install faild,Please install manually.
[2023-06-11 19:36:16] info faild cffi =1.15.1 install faild,Please install manually.
[2023-06-11 19:36:16] info faild cffi =1.15.1 install faild,Please install manually.
[2023-06-11 19:36:16] info faild cffi =1.15.1 install faild,Please install manually.
[2023-06-11 19:36:16] info faild cffi =1.15.1 install faild,Please install manually.
[2023-06-11 19:36:16] info faild cryptography 3.4.8 install faild,Please install manually.
[2023-06-11 19:36:16] info faild cryptography 3.4.8 install faild,Please install manually.
[2023-06-11 19:36:16] info faild cryptography 3.4.8 install faild,Please install manually.
[2023-06-11 19:36:16] info faild cryptography 3.4.8 install faild,Please install manually.
[2023-06-11 19:36:16] info faild cryptography 3.4.8 install faild,Please install manually.
[2023-06-11 19:36:16] info faild cryptography 3.4.8 install faild,Please install manually.
[2023-06-11 19:36:16] info faild cryptography 3.4.8 install faild,Please install manually.
[2023-06-11 19:36:16] info skip cryptography, Version available, no need to repeat, skipped.
[2023-06-11 19:36:16] info faild cryptography 3.4.8 install faild,Please install manually.
[2023-06-11 19:36:16] info faild cryptography 3.4.8 install faild,Please install manually.
[2023-06-11 19:36:16] info faild cryptography 3.4.8 install faild,Please install manually.
[2023-06-11 19:36:16] info faild cryptography 3.4.8 install faild,Please install manually.
[2023-06-11 19:36:16] info faild cryptography 3.4.8 install faild,Please install manually.
[2023-06-11 19:36:16] info faild cryptography 3.4.8 install faild,Please install manually.
[2023-06-11 19:36:16] info faild cryptography 3.4.8 install faild,Please install manually.
[2023-06-11 19:36:16] info faild cryptography 3.4.8 install faild,Please install manually.
[2023-06-11 19:36:16] info faild cryptography 3.4.8 install faild,Please install manually.
[2023-06-11 19:36:16] info faild cryptography 3.4.8 install faild,Please install manually.
[2023-06-11 19:36:16] info faild cryptography 3.4.8 install faild,Please install manually.
[2023-06-11 19:36:16] info faild cryptography 3.4.8 install faild,Please install manually.
[2023-06-11 19:36:16] info faild cryptography 3.4.8 install faild,Please install manually.
[2023-06-11 19:36:16] info faild cryptography 3.4.8 install faild,Please install manually.
[2023-06-11 19:36:16] info faild cryptography 3.4.8 install faild,Please install manually.
[2023-06-11 19:36:16] info faild cryptography 3.4.8 install faild,Please install manually.
[2023-06-11 19:36:16] info faild cryptography 3.4.8 install faild,Please install manually.
[2023-06-11 19:36:16] info faild cryptography 3.4.8 install faild,Please install manually.
[2023-06-11 19:36:16] info faild cryptography 3.4.8 install faild,Please install manually.
[2023-06-11 19:36:16] info faild cryptography 3.4.8 install faild,Please install manually.
[2023-06-11 19:36:16] info faild cryptography 3.4.8 install faild,Please install manually.
[2023-06-11 19:36:16] info faild cryptography 3.4.8 install faild,Please install manually.
[2023-06-11 19:36:16] info faild cryptography 3.4.8 install faild,Please install manually.
[2023-06-11 19:36:16] info faild cryptography 3.4.8 install faild,Please install manually.
[2023-06-11 19:36:16] info faild cryptography 3.4.8 install faild,Please install manually.
[2023-06-11 19:36:16] info faild cryptography 3.4.8 install faild,Please install manually.
[2023-06-11 19:36:16] info faild cryptography 3.4.8 install faild,Please install manually.
[2023-06-11 19:36:16] info faild paramiko 3.2.0 install faild,Please install manually.
[2023-06-11 19:36:16] info faild paramiko 3.2.0 install faild,Please install manually.
[2023-06-11 19:36:16] info faild paramiko 3.2.0 install faild,Please install manually.
[2023-06-11 19:36:16] info faild paramiko 3.2.0 install faild,Please install manually.
[2023-06-11 19:36:16] info faild paramiko 3.2.0 install faild,Please install manually.
[2023-06-11 19:36:16] info faild paramiko 3.2.0 install faild,Please install manually.
[2023-06-11 19:36:16] info faild paramiko 3.2.0 install faild,Please install manually.
[2023-06-11 19:36:16] info faild paramiko 3.2.0 install faild,Please install manually.
[2023-06-11 19:36:16] info faild paramiko 3.2.0 install faild,Please install manually.
[2023-06-11 19:36:16] info faild paramiko 3.2.0 install faild,Please install manually.
[2023-06-11 19:36:16] info faild paramiko 3.2.0 install faild,Please install manually.
[2023-06-11 19:36:16] info faild paramiko 3.2.0 install faild,Please install manually.
[2023-06-11 19:36:16] info faild paramiko 3.2.0 install faild,Please install manually.
[2023-06-11 19:36:16] info faild paramiko 3.2.0 install faild,Please install manually.
[2023-06-11 19:36:16] info faild paramiko 3.2.0 install faild,Please install manually.
[2023-06-11 19:36:16] info faild paramiko 3.2.0 install faild,Please install manually.
[2023-06-11 19:36:16] info faild paramiko 3.2.0 install faild,Please install manually.
[2023-06-11 19:36:16] info skip paramiko, Version available, no need to repeat, skipped.
[2023-06-11 19:36:16] info faild paramiko 3.2.0 install faild,Please install manually.
[2023-06-11 19:36:16] info faild paramiko 3.2.0 install faild,Please install manually.
[2023-06-11 19:36:16] info faild paramiko 3.2.0 install faild,Please install manually.
[2023-06-11 19:36:16] info faild paramiko 3.2.0 install faild,Please install manually.
[2023-06-11 19:36:16] info faild paramiko 3.2.0 install faild,Please install manually.
[2023-06-11 19:36:16] info faild paramiko 3.2.0 install faild,Please install manually.
[2023-06-11 19:36:16] info faild paramiko 3.2.0 install faild,Please install manually.
[2023-06-11 19:36:16] info faild paramiko 3.2.0 install faild,Please install manually.
[2023-06-11 19:36:16] info faild paramiko 3.2.0 install faild,Please install manually.
[2023-06-11 19:36:16] info faild paramiko 3.2.0 install faild,Please install manually.
[2023-06-11 19:36:16] info faild paramiko 3.2.0 install faild,Please install manually.
[2023-06-11 19:36:16] info faild paramiko 3.2.0 install faild,Please install manually.
[2023-06-11 19:36:16] info faild paramiko 3.2.0 install faild,Please install manually.
[2023-06-11 19:36:16] info faild paramiko 3.2.0 install faild,Please install manually.
[2023-06-11 19:36:16] info faild paramiko 3.2.0 install faild,Please install manually.
[2023-06-11 19:36:16] info faild paramiko 3.2.0 install faild,Please install manually.
[2023-06-11 19:36:16] info faild paramiko 3.2.0 install faild,Please install manually.
[2023-06-11 19:36:16] info faild pycparser 2.21 install faild,Please install manually.
[2023-06-11 19:36:16] info faild pycparser 2.21 install faild,Please install manually.
[2023-06-11 19:36:16] info faild pycparser 2.21 install faild,Please install manually.
[2023-06-11 19:36:16] info faild pycparser 2.21 install faild,Please install manually.
[2023-06-11 19:36:16] info faild pycparser 2.21 install faild,Please install manually.
[2023-06-11 19:36:16] info faild pycparser 2.21 install faild,Please install manually.
[2023-06-11 19:36:16] info faild pycparser 2.21 install faild,Please install manually.
[2023-06-11 19:36:16] info faild pycparser 2.21 install faild,Please install manually.
[2023-06-11 19:36:16] info faild pycparser 2.21 install faild,Please install manually.
[2023-06-11 19:36:16] info faild pycparser 2.21 install faild,Please install manually.
[2023-06-11 19:36:16] info faild pycparser 2.21 install faild,Please install manually.
[2023-06-11 19:36:16] info faild pycparser 2.21 install faild,Please install manually.
[2023-06-11 19:36:16] info faild pycparser 2.21 install faild,Please install manually.
[2023-06-11 19:36:16] info faild pycparser 2.21 install faild,Please install manually.
[2023-06-11 19:36:16] info faild pycparser 2.21 install faild,Please install manually.
[2023-06-11 19:36:16] info faild pycparser 2.21 install faild,Please install manually.
[2023-06-11 19:36:16] info faild pycparser 2.21 install faild,Please install manually.
[2023-06-11 19:36:16] info faild pycparser 2.21 install faild,Please install manually.
[2023-06-11 19:36:16] info faild pycparser 2.21 install faild,Please install manually.
[2023-06-11 19:36:16] info skip pycparser, Version available, no need to repeat, skipped.
[2023-06-11 19:36:16] info faild pycparser 2.21 install faild,Please install manually.
[2023-06-11 19:36:16] info faild pycparser 2.21 install faild,Please install manually.
[2023-06-11 19:36:16] info faild pycparser 2.21 install faild,Please install manually.
[2023-06-11 19:36:16] info faild pycparser 2.21 install faild,Please install manually.
[2023-06-11 19:36:16] info faild pycparser 2.21 install faild,Please install manually.
[2023-06-11 19:36:16] info faild pycparser 2.21 install faild,Please install manually.
[2023-06-11 19:36:16] info faild pycparser 2.21 install faild,Please install manually.
[2023-06-11 19:36:16] info faild pycparser 2.21 install faild,Please install manually.
[2023-06-11 19:36:16] info faild pycparser 2.21 install faild,Please install manually.
[2023-06-11 19:36:16] info faild pycparser 2.21 install faild,Please install manually.
[2023-06-11 19:36:16] info faild pycparser 2.21 install faild,Please install manually.
[2023-06-11 19:36:16] info faild pycparser 2.21 install faild,Please install manually.
[2023-06-11 19:36:16] info faild pycparser 2.21 install faild,Please install manually.
[2023-06-11 19:36:16] info faild pycparser 2.21 install faild,Please install manually.
[2023-06-11 19:36:16] info faild pycparser 2.21 install faild,Please install manually.
[2023-06-11 19:36:16] info faild PyMySQL 1.0.2 install faild,Please install manually.
[2023-06-11 19:36:16] info faild PyMySQL 1.0.2 install faild,Please install manually.
[2023-06-11 19:36:16] info faild PyMySQL 1.0.2 install faild,Please install manually.
[2023-06-11 19:36:16] info faild PyMySQL 1.0.2 install faild,Please install manually.
[2023-06-11 19:36:16] info faild PyMySQL 1.0.2 install faild,Please install manually.
[2023-06-11 19:36:16] info faild PyMySQL 1.0.2 install faild,Please install manually.
[2023-06-11 19:36:16] info faild PyMySQL 1.0.2 install faild,Please install manually.
[2023-06-11 19:36:16] info faild PyMySQL 1.0.2 install faild,Please install manually.
[2023-06-11 19:36:16] info faild PyMySQL 1.0.2 install faild,Please install manually.
[2023-06-11 19:36:16] info faild PyMySQL 1.0.2 install faild,Please install manually.
[2023-06-11 19:36:16] info faild PyMySQL 1.0.2 install faild,Please install manually.
[2023-06-11 19:36:16] info faild PyMySQL 1.0.2 install faild,Please install manually.
[2023-06-11 19:36:16] info faild PyMySQL 1.0.2 install faild,Please install manually.
[2023-06-11 19:36:16] info faild PyMySQL 1.0.2 install faild,Please install manually.
[2023-06-11 19:36:16] info faild PyMySQL 1.0.2 install faild,Please install manually.
[2023-06-11 19:36:16] info faild PyMySQL 1.0.2 install faild,Please install manually.
[2023-06-11 19:36:16] info faild PyMySQL 1.0.2 install faild,Please install manually.
[2023-06-11 19:36:16] info faild PyMySQL 1.0.2 install faild,Please install manually.
[2023-06-11 19:36:16] info faild PyMySQL 1.0.2 install faild,Please install manually.
[2023-06-11 19:36:16] info faild PyMySQL 1.0.2 install faild,Please install manually.
[2023-06-11 19:36:16] info skip PyMySQL, Version available, no need to repeat, skipped.
[2023-06-11 19:36:16] info faild PyMySQL 1.0.2 install faild,Please install manually.
[2023-06-11 19:36:16] info faild PyMySQL 1.0.2 install faild,Please install manually.
[2023-06-11 19:36:16] info faild PyMySQL 1.0.2 install faild,Please install manually.
[2023-06-11 19:36:16] info faild PyMySQL 1.0.2 install faild,Please install manually.
[2023-06-11 19:36:16] info faild PyMySQL 1.0.2 install faild,Please install manually.
[2023-06-11 19:36:16] info faild PyMySQL 1.0.2 install faild,Please install manually.
[2023-06-11 19:36:16] info faild PyMySQL 1.0.2 install faild,Please install manually.
[2023-06-11 19:36:16] info faild PyMySQL 1.0.2 install faild,Please install manually.
[2023-06-11 19:36:16] info faild PyMySQL 1.0.2 install faild,Please install manually.
[2023-06-11 19:36:16] info faild PyMySQL 1.0.2 install faild,Please install manually.
[2023-06-11 19:36:16] info faild PyMySQL 1.0.2 install faild,Please install manually.
[2023-06-11 19:36:16] info faild PyMySQL 1.0.2 install faild,Please install manually.
[2023-06-11 19:36:16] info faild PyMySQL 1.0.2 install faild,Please install manually.
[2023-06-11 19:36:16] info faild PyMySQL 1.0.2 install faild,Please install manually.
[2023-06-11 19:36:16] info faild PyNaCl 1.5.0 install faild,Please install manually.
[2023-06-11 19:36:16] info faild PyNaCl 1.5.0 install faild,Please install manually.
[2023-06-11 19:36:16] info faild PyNaCl 1.5.0 install faild,Please install manually.
[2023-06-11 19:36:16] info faild PyNaCl 1.5.0 install faild,Please install manually.
[2023-06-11 19:36:16] info faild PyNaCl 1.5.0 install faild,Please install manually.
[2023-06-11 19:36:16] info faild PyNaCl 1.5.0 install faild,Please install manually.
[2023-06-11 19:36:16] info faild PyNaCl 1.5.0 install faild,Please install manually.
[2023-06-11 19:36:16] info faild PyNaCl 1.5.0 install faild,Please install manually.
[2023-06-11 19:36:16] info faild PyNaCl 1.5.0 install faild,Please install manually.
[2023-06-11 19:36:16] info faild PyNaCl 1.5.0 install faild,Please install manually.
[2023-06-11 19:36:16] info faild PyNaCl 1.5.0 install faild,Please install manually.
[2023-06-11 19:36:16] info faild PyNaCl 1.5.0 install faild,Please install manually.
[2023-06-11 19:36:16] info faild PyNaCl 1.5.0 install faild,Please install manually.
[2023-06-11 19:36:16] info faild PyNaCl 1.5.0 install faild,Please install manually.
[2023-06-11 19:36:16] info faild PyNaCl 1.5.0 install faild,Please install manually.
[2023-06-11 19:36:16] info faild PyNaCl 1.5.0 install faild,Please install manually.
[2023-06-11 19:36:16] info faild PyNaCl 1.5.0 install faild,Please install manually.
[2023-06-11 19:36:16] info faild PyNaCl 1.5.0 install faild,Please install manually.
[2023-06-11 19:36:16] info faild PyNaCl 1.5.0 install faild,Please install manually.
[2023-06-11 19:36:16] info faild PyNaCl 1.5.0 install faild,Please install manually.
[2023-06-11 19:36:16] info faild PyNaCl 1.5.0 install faild,Please install manually.
[2023-06-11 19:36:16] info skip PyNaCl, Version available, no need to repeat, skipped.
[2023-06-11 19:36:16] info faild PyNaCl 1.5.0 install faild,Please install manually.
[2023-06-11 19:36:16] info faild PyNaCl 1.5.0 install faild,Please install manually.
[2023-06-11 19:36:16] info faild PyNaCl 1.5.0 install faild,Please install manually.
[2023-06-11 19:36:16] info faild PyNaCl 1.5.0 install faild,Please install manually.
[2023-06-11 19:36:16] info faild PyNaCl 1.5.0 install faild,Please install manually.
[2023-06-11 19:36:16] info faild PyNaCl 1.5.0 install faild,Please install manually.
[2023-06-11 19:36:16] info faild PyNaCl 1.5.0 install faild,Please install manually.
[2023-06-11 19:36:16] info faild PyNaCl 1.5.0 install faild,Please install manually.
[2023-06-11 19:36:16] info faild PyNaCl 1.5.0 install faild,Please install manually.
[2023-06-11 19:36:16] info faild PyNaCl 1.5.0 install faild,Please install manually.
[2023-06-11 19:36:16] info faild PyNaCl 1.5.0 install faild,Please install manually.
[2023-06-11 19:36:16] info faild PyNaCl 1.5.0 install faild,Please install manually.
[2023-06-11 19:36:16] info faild PyNaCl 1.5.0 install faild,Please install manually.
[2023-06-11 19:36:16] info faild PyYAML 6.0 install faild,Please install manually.
[2023-06-11 19:36:16] info faild PyYAML 6.0 install faild,Please install manually.
[2023-06-11 19:36:16] info faild PyYAML 6.0 install faild,Please install manually.
[2023-06-11 19:36:16] info faild PyYAML 6.0 install faild,Please install manually.
[2023-06-11 19:36:16] info faild PyYAML 6.0 install faild,Please install manually.
[2023-06-11 19:36:16] info faild PyYAML 6.0 install faild,Please install manually.
[2023-06-11 19:36:16] info faild PyYAML 6.0 install faild,Please install manually.
[2023-06-11 19:36:16] info faild PyYAML 6.0 install faild,Please install manually.
[2023-06-11 19:36:16] info faild PyYAML 6.0 install faild,Please install manually.
[2023-06-11 19:36:16] info faild PyYAML 6.0 install faild,Please install manually.
[2023-06-11 19:36:16] info faild PyYAML 6.0 install faild,Please install manually.
[2023-06-11 19:36:16] info faild PyYAML 6.0 install faild,Please install manually.
[2023-06-11 19:36:16] info faild PyYAML 6.0 install faild,Please install manually.
[2023-06-11 19:36:16] info faild PyYAML 6.0 install faild,Please install manually.
[2023-06-11 19:36:16] info faild PyYAML 6.0 install faild,Please install manually.
[2023-06-11 19:36:16] info faild PyYAML 6.0 install faild,Please install manually.
[2023-06-11 19:36:16] info faild PyYAML 6.0 install faild,Please install manually.
[2023-06-11 19:36:16] info faild PyYAML 6.0 install faild,Please install manually.
[2023-06-11 19:36:16] info faild PyYAML 6.0 install faild,Please install manually.
[2023-06-11 19:36:16] info faild PyYAML 6.0 install faild,Please install manually.
[2023-06-11 19:36:16] info faild PyYAML 6.0 install faild,Please install manually.
[2023-06-11 19:36:16] info faild PyYAML 6.0 install faild,Please install manually.
[2023-06-11 19:36:16] info faild PyYAML 6.0 install faild,Please install manually.
[2023-06-11 19:36:16] info faild PyYAML 6.0 install faild,Please install manually.
[2023-06-11 19:36:16] info skip PyYAML, Version available, no need to repeat, skipped.
[2023-06-11 19:36:16] info faild PyYAML 6.0 install faild,Please install manually.
[2023-06-11 19:36:16] info faild PyYAML 6.0 install faild,Please install manually.
[2023-06-11 19:36:16] info faild PyYAML 6.0 install faild,Please install manually.
[2023-06-11 19:36:16] info faild PyYAML 6.0 install faild,Please install manually.
[2023-06-11 19:36:16] info faild PyYAML 6.0 install faild,Please install manually.
[2023-06-11 19:36:16] info faild PyYAML 6.0 install faild,Please install manually.
[2023-06-11 19:36:16] info faild PyYAML 6.0 install faild,Please install manually.
[2023-06-11 19:36:16] info faild PyYAML 6.0 install faild,Please install manually.
[2023-06-11 19:36:16] info faild PyYAML 6.0 install faild,Please install manually.
[2023-06-11 19:36:16] info faild PyYAML 6.0 install faild,Please install manually.
[2023-06-11 19:37:30] info faild bcrypt 4.0.1 install faild,Please install manually.
[2023-06-11 19:37:30] info faild bcrypt 4.0.1 install faild,Please install manually.
[2023-06-11 19:37:30] info skip bcrypt, Version available, no need to repeat, skipped.
[2023-06-11 19:37:30] info faild bcrypt 4.0.1 install faild,Please install manually.
[2023-06-11 19:37:30] info faild bcrypt 4.0.1 install faild,Please install manually.
[2023-06-11 19:37:30] info faild bcrypt 4.0.1 install faild,Please install manually.
[2023-06-11 19:37:30] info faild bcrypt 4.0.1 install faild,Please install manually.
[2023-06-11 19:37:30] info faild bcrypt 4.0.1 install faild,Please install manually.
[2023-06-11 19:37:30] info faild bcrypt 4.0.1 install faild,Please install manually.
[2023-06-11 19:37:30] info faild bcrypt 4.0.1 install faild,Please install manually.
[2023-06-11 19:37:30] info faild bcrypt 4.0.1 install faild,Please install manually.
[2023-06-11 19:37:30] info faild bcrypt 4.0.1 install faild,Please install manually.
[2023-06-11 19:37:30] info faild bcrypt 4.0.1 install faild,Please install manually.
[2023-06-11 19:37:30] info faild bcrypt 4.0.1 install faild,Please install manually.
[2023-06-11 19:37:30] info faild bcrypt 4.0.1 install faild,Please install manually.
[2023-06-11 19:37:30] info faild bcrypt 4.0.1 install faild,Please install manually.
[2023-06-11 19:37:30] info faild bcrypt 4.0.1 install faild,Please install manually.
[2023-06-11 19:37:30] info faild bcrypt 4.0.1 install faild,Please install manually.
[2023-06-11 19:37:30] info faild bcrypt 4.0.1 install faild,Please install manually.
[2023-06-11 19:37:30] info faild bcrypt 4.0.1 install faild,Please install manually.
[2023-06-11 19:37:30] info faild bcrypt 4.0.1 install faild,Please install manually.
[2023-06-11 19:37:30] info faild bcrypt 4.0.1 install faild,Please install manually.
[2023-06-11 19:37:30] info faild bcrypt 4.0.1 install faild,Please install manually.
[2023-06-11 19:37:30] info faild bcrypt 4.0.1 install faild,Please install manually.
[2023-06-11 19:37:30] info faild bcrypt 4.0.1 install faild,Please install manually.
[2023-06-11 19:37:30] info faild bcrypt 4.0.1 install faild,Please install manually.
[2023-06-11 19:37:30] info faild bcrypt 4.0.1 install faild,Please install manually.
[2023-06-11 19:37:30] info faild bcrypt 4.0.1 install faild,Please install manually.
[2023-06-11 19:37:30] info faild bcrypt 4.0.1 install faild,Please install manually.
[2023-06-11 19:37:30] info faild bcrypt 4.0.1 install faild,Please install manually.
[2023-06-11 19:37:30] info faild bcrypt 4.0.1 install faild,Please install manually.
[2023-06-11 19:37:30] info faild bcrypt 4.0.1 install faild,Please install manually.
[2023-06-11 19:37:30] info faild bcrypt 4.0.1 install faild,Please install manually.
[2023-06-11 19:37:30] info faild bcrypt 4.0.1 install faild,Please install manually.
[2023-06-11 19:37:30] info faild bcrypt 4.0.1 install faild,Please install manually.
[2023-06-11 19:37:30] info faild cffi =1.15.1 install faild,Please install manually.
[2023-06-11 19:37:30] info faild cffi =1.15.1 install faild,Please install manually.
[2023-06-11 19:37:30] info faild cffi =1.15.1 install faild,Please install manually.
[2023-06-11 19:37:30] info faild cffi =1.15.1 install faild,Please install manually.
[2023-06-11 19:37:30] info faild cffi =1.15.1 install faild,Please install manually.
[2023-06-11 19:37:30] info faild cffi =1.15.1 install faild,Please install manually.
[2023-06-11 19:37:30] info faild cffi =1.15.1 install faild,Please install manually.
[2023-06-11 19:37:30] info faild cffi =1.15.1 install faild,Please install manually.
[2023-06-11 19:37:30] info faild cffi =1.15.1 install faild,Please install manually.
[2023-06-11 19:37:30] info faild cffi =1.15.1 install faild,Please install manually.
[2023-06-11 19:37:30] info faild cffi =1.15.1 install faild,Please install manually.
[2023-06-11 19:37:30] info faild cffi =1.15.1 install faild,Please install manually.
[2023-06-11 19:37:30] info faild cffi =1.15.1 install faild,Please install manually.
[2023-06-11 19:37:30] info faild cffi =1.15.1 install faild,Please install manually.
[2023-06-11 19:37:30] info faild cffi =1.15.1 install faild,Please install manually.
[2023-06-11 19:37:30] info faild cffi =1.15.1 install faild,Please install manually.
[2023-06-11 19:37:30] info faild cffi =1.15.1 install faild,Please install manually.
[2023-06-11 19:37:30] info faild cffi =1.15.1 install faild,Please install manually.
[2023-06-11 19:37:30] info faild cffi =1.15.1 install faild,Please install manually.
[2023-06-11 19:37:30] info faild cffi =1.15.1 install faild,Please install manually.
[2023-06-11 19:37:30] info faild cffi =1.15.1 install faild,Please install manually.
[2023-06-11 19:37:30] info faild cffi =1.15.1 install faild,Please install manually.
[2023-06-11 19:37:30] info faild cffi =1.15.1 install faild,Please install manually.
[2023-06-11 19:37:30] info faild cffi =1.15.1 install faild,Please install manually.
[2023-06-11 19:37:30] info faild cffi =1.15.1 install faild,Please install manually.
[2023-06-11 19:37:30] info faild cffi =1.15.1 install faild,Please install manually.
[2023-06-11 19:37:30] info faild cffi =1.15.1 install faild,Please install manually.
[2023-06-11 19:37:30] info faild cffi =1.15.1 install faild,Please install manually.
[2023-06-11 19:37:30] info faild cffi =1.15.1 install faild,Please install manually.
[2023-06-11 19:37:30] info faild cffi =1.15.1 install faild,Please install manually.
[2023-06-11 19:37:30] info faild cffi =1.15.1 install faild,Please install manually.
[2023-06-11 19:37:30] info faild cffi =1.15.1 install faild,Please install manually.
[2023-06-11 19:37:30] info faild cffi =1.15.1 install faild,Please install manually.
[2023-06-11 19:37:30] info faild cffi =1.15.1 install faild,Please install manually.
[2023-06-11 19:37:30] info faild cffi =1.15.1 install faild,Please install manually.
[2023-06-11 19:37:30] info faild cryptography 3.4.8 install faild,Please install manually.
[2023-06-11 19:37:30] info faild cryptography 3.4.8 install faild,Please install manually.
[2023-06-11 19:37:30] info faild cryptography 3.4.8 install faild,Please install manually.
[2023-06-11 19:37:30] info faild cryptography 3.4.8 install faild,Please install manually.
[2023-06-11 19:37:30] info faild cryptography 3.4.8 install faild,Please install manually.
[2023-06-11 19:37:30] info faild cryptography 3.4.8 install faild,Please install manually.
[2023-06-11 19:37:30] info faild cryptography 3.4.8 install faild,Please install manually.
[2023-06-11 19:37:30] info skip cryptography, Version available, no need to repeat, skipped.
[2023-06-11 19:37:30] info faild cryptography 3.4.8 install faild,Please install manually.
[2023-06-11 19:37:30] info faild cryptography 3.4.8 install faild,Please install manually.
[2023-06-11 19:37:30] info faild cryptography 3.4.8 install faild,Please install manually.
[2023-06-11 19:37:30] info faild cryptography 3.4.8 install faild,Please install manually.
[2023-06-11 19:37:30] info faild cryptography 3.4.8 install faild,Please install manually.
[2023-06-11 19:37:30] info faild cryptography 3.4.8 install faild,Please install manually.
[2023-06-11 19:37:30] info faild cryptography 3.4.8 install faild,Please install manually.
[2023-06-11 19:37:30] info faild cryptography 3.4.8 install faild,Please install manually.
[2023-06-11 19:37:30] info faild cryptography 3.4.8 install faild,Please install manually.
[2023-06-11 19:37:30] info faild cryptography 3.4.8 install faild,Please install manually.
[2023-06-11 19:37:30] info faild cryptography 3.4.8 install faild,Please install manually.
[2023-06-11 19:37:30] info faild cryptography 3.4.8 install faild,Please install manually.
[2023-06-11 19:37:30] info faild cryptography 3.4.8 install faild,Please install manually.
[2023-06-11 19:37:30] info faild cryptography 3.4.8 install faild,Please install manually.
[2023-06-11 19:37:30] info faild cryptography 3.4.8 install faild,Please install manually.
[2023-06-11 19:37:30] info faild cryptography 3.4.8 install faild,Please install manually.
[2023-06-11 19:37:30] info faild cryptography 3.4.8 install faild,Please install manually.
[2023-06-11 19:37:30] info faild cryptography 3.4.8 install faild,Please install manually.
[2023-06-11 19:37:30] info faild cryptography 3.4.8 install faild,Please install manually.
[2023-06-11 19:37:30] info faild cryptography 3.4.8 install faild,Please install manually.
[2023-06-11 19:37:30] info faild cryptography 3.4.8 install faild,Please install manually.
[2023-06-11 19:37:30] info faild cryptography 3.4.8 install faild,Please install manually.
[2023-06-11 19:37:30] info faild cryptography 3.4.8 install faild,Please install manually.
[2023-06-11 19:37:30] info faild cryptography 3.4.8 install faild,Please install manually.
[2023-06-11 19:37:30] info faild cryptography 3.4.8 install faild,Please install manually.
[2023-06-11 19:37:30] info faild cryptography 3.4.8 install faild,Please install manually.
[2023-06-11 19:37:30] info faild cryptography 3.4.8 install faild,Please install manually.
[2023-06-11 19:37:30] info faild paramiko 3.2.0 install faild,Please install manually.
[2023-06-11 19:37:30] info faild paramiko 3.2.0 install faild,Please install manually.
[2023-06-11 19:37:30] info faild paramiko 3.2.0 install faild,Please install manually.
[2023-06-11 19:37:30] info faild paramiko 3.2.0 install faild,Please install manually.
[2023-06-11 19:37:30] info faild paramiko 3.2.0 install faild,Please install manually.
[2023-06-11 19:37:30] info faild paramiko 3.2.0 install faild,Please install manually.
[2023-06-11 19:37:30] info faild paramiko 3.2.0 install faild,Please install manually.
[2023-06-11 19:37:30] info faild paramiko 3.2.0 install faild,Please install manually.
[2023-06-11 19:37:30] info faild paramiko 3.2.0 install faild,Please install manually.
[2023-06-11 19:37:30] info faild paramiko 3.2.0 install faild,Please install manually.
[2023-06-11 19:37:30] info faild paramiko 3.2.0 install faild,Please install manually.
[2023-06-11 19:37:30] info faild paramiko 3.2.0 install faild,Please install manually.
[2023-06-11 19:37:30] info faild paramiko 3.2.0 install faild,Please install manually.
[2023-06-11 19:37:30] info faild paramiko 3.2.0 install faild,Please install manually.
[2023-06-11 19:37:30] info faild paramiko 3.2.0 install faild,Please install manually.
[2023-06-11 19:37:30] info faild paramiko 3.2.0 install faild,Please install manually.
[2023-06-11 19:37:30] info faild paramiko 3.2.0 install faild,Please install manually.
[2023-06-11 19:37:30] info skip paramiko, Version available, no need to repeat, skipped.
[2023-06-11 19:37:30] info faild paramiko 3.2.0 install faild,Please install manually.
[2023-06-11 19:37:30] info faild paramiko 3.2.0 install faild,Please install manually.
[2023-06-11 19:37:30] info faild paramiko 3.2.0 install faild,Please install manually.
[2023-06-11 19:37:30] info faild paramiko 3.2.0 install faild,Please install manually.
[2023-06-11 19:37:30] info faild paramiko 3.2.0 install faild,Please install manually.
[2023-06-11 19:37:30] info faild paramiko 3.2.0 install faild,Please install manually.
[2023-06-11 19:37:30] info faild paramiko 3.2.0 install faild,Please install manually.
[2023-06-11 19:37:30] info faild paramiko 3.2.0 install faild,Please install manually.
[2023-06-11 19:37:30] info faild paramiko 3.2.0 install faild,Please install manually.
[2023-06-11 19:37:30] info faild paramiko 3.2.0 install faild,Please install manually.
[2023-06-11 19:37:30] info faild paramiko 3.2.0 install faild,Please install manually.
[2023-06-11 19:37:30] info faild paramiko 3.2.0 install faild,Please install manually.
[2023-06-11 19:37:30] info faild paramiko 3.2.0 install faild,Please install manually.
[2023-06-11 19:37:30] info faild paramiko 3.2.0 install faild,Please install manually.
[2023-06-11 19:37:30] info faild paramiko 3.2.0 install faild,Please install manually.
[2023-06-11 19:37:30] info faild paramiko 3.2.0 install faild,Please install manually.
[2023-06-11 19:37:30] info faild paramiko 3.2.0 install faild,Please install manually.
[2023-06-11 19:37:30] info faild pycparser 2.21 install faild,Please install manually.
[2023-06-11 19:37:30] info faild pycparser 2.21 install faild,Please install manually.
[2023-06-11 19:37:30] info faild pycparser 2.21 install faild,Please install manually.
[2023-06-11 19:37:30] info faild pycparser 2.21 install faild,Please install manually.
[2023-06-11 19:37:30] info faild pycparser 2.21 install faild,Please install manually.
[2023-06-11 19:37:30] info faild pycparser 2.21 install faild,Please install manually.
[2023-06-11 19:37:30] info faild pycparser 2.21 install faild,Please install manually.
[2023-06-11 19:37:30] info faild pycparser 2.21 install faild,Please install manually.
[2023-06-11 19:37:30] info faild pycparser 2.21 install faild,Please install manually.
[2023-06-11 19:37:30] info faild pycparser 2.21 install faild,Please install manually.
[2023-06-11 19:37:30] info faild pycparser 2.21 install faild,Please install manually.
[2023-06-11 19:37:30] info faild pycparser 2.21 install faild,Please install manually.
[2023-06-11 19:37:30] info faild pycparser 2.21 install faild,Please install manually.
[2023-06-11 19:37:30] info faild pycparser 2.21 install faild,Please install manually.
[2023-06-11 19:37:30] info faild pycparser 2.21 install faild,Please install manually.
[2023-06-11 19:37:30] info faild pycparser 2.21 install faild,Please install manually.
[2023-06-11 19:37:30] info faild pycparser 2.21 install faild,Please install manually.
[2023-06-11 19:37:30] info faild pycparser 2.21 install faild,Please install manually.
[2023-06-11 19:37:30] info faild pycparser 2.21 install faild,Please install manually.
[2023-06-11 19:37:30] info skip pycparser, Version available, no need to repeat, skipped.
[2023-06-11 19:37:30] info faild pycparser 2.21 install faild,Please install manually.
[2023-06-11 19:37:30] info faild pycparser 2.21 install faild,Please install manually.
[2023-06-11 19:37:30] info faild pycparser 2.21 install faild,Please install manually.
[2023-06-11 19:37:30] info faild pycparser 2.21 install faild,Please install manually.
[2023-06-11 19:37:30] info faild pycparser 2.21 install faild,Please install manually.
[2023-06-11 19:37:30] info faild pycparser 2.21 install faild,Please install manually.
[2023-06-11 19:37:30] info faild pycparser 2.21 install faild,Please install manually.
[2023-06-11 19:37:30] info faild pycparser 2.21 install faild,Please install manually.
[2023-06-11 19:37:30] info faild pycparser 2.21 install faild,Please install manually.
[2023-06-11 19:37:30] info faild pycparser 2.21 install faild,Please install manually.
[2023-06-11 19:37:30] info faild pycparser 2.21 install faild,Please install manually.
[2023-06-11 19:37:30] info faild pycparser 2.21 install faild,Please install manually.
[2023-06-11 19:37:30] info faild pycparser 2.21 install faild,Please install manually.
[2023-06-11 19:37:30] info faild pycparser 2.21 install faild,Please install manually.
[2023-06-11 19:37:30] info faild pycparser 2.21 install faild,Please install manually.
[2023-06-11 19:37:30] info faild PyMySQL 1.0.2 install faild,Please install manually.
[2023-06-11 19:37:30] info faild PyMySQL 1.0.2 install faild,Please install manually.
[2023-06-11 19:37:30] info faild PyMySQL 1.0.2 install faild,Please install manually.
[2023-06-11 19:37:30] info faild PyMySQL 1.0.2 install faild,Please install manually.
[2023-06-11 19:37:30] info faild PyMySQL 1.0.2 install faild,Please install manually.
[2023-06-11 19:37:30] info faild PyMySQL 1.0.2 install faild,Please install manually.
[2023-06-11 19:37:30] info faild PyMySQL 1.0.2 install faild,Please install manually.
[2023-06-11 19:37:30] info faild PyMySQL 1.0.2 install faild,Please install manually.
[2023-06-11 19:37:30] info faild PyMySQL 1.0.2 install faild,Please install manually.
[2023-06-11 19:37:30] info faild PyMySQL 1.0.2 install faild,Please install manually.
[2023-06-11 19:37:30] info faild PyMySQL 1.0.2 install faild,Please install manually.
[2023-06-11 19:37:30] info faild PyMySQL 1.0.2 install faild,Please install manually.
[2023-06-11 19:37:30] info faild PyMySQL 1.0.2 install faild,Please install manually.
[2023-06-11 19:37:30] info faild PyMySQL 1.0.2 install faild,Please install manually.
[2023-06-11 19:37:30] info faild PyMySQL 1.0.2 install faild,Please install manually.
[2023-06-11 19:37:30] info faild PyMySQL 1.0.2 install faild,Please install manually.
[2023-06-11 19:37:30] info faild PyMySQL 1.0.2 install faild,Please install manually.
[2023-06-11 19:37:30] info faild PyMySQL 1.0.2 install faild,Please install manually.
[2023-06-11 19:37:30] info faild PyMySQL 1.0.2 install faild,Please install manually.
[2023-06-11 19:37:30] info faild PyMySQL 1.0.2 install faild,Please install manually.
[2023-06-11 19:37:30] info skip PyMySQL, Version available, no need to repeat, skipped.
[2023-06-11 19:37:30] info faild PyMySQL 1.0.2 install faild,Please install manually.
[2023-06-11 19:37:30] info faild PyMySQL 1.0.2 install faild,Please install manually.
[2023-06-11 19:37:30] info faild PyMySQL 1.0.2 install faild,Please install manually.
[2023-06-11 19:37:30] info faild PyMySQL 1.0.2 install faild,Please install manually.
[2023-06-11 19:37:30] info faild PyMySQL 1.0.2 install faild,Please install manually.
[2023-06-11 19:37:30] info faild PyMySQL 1.0.2 install faild,Please install manually.
[2023-06-11 19:37:30] info faild PyMySQL 1.0.2 install faild,Please install manually.
[2023-06-11 19:37:30] info faild PyMySQL 1.0.2 install faild,Please install manually.
[2023-06-11 19:37:30] info faild PyMySQL 1.0.2 install faild,Please install manually.
[2023-06-11 19:37:30] info faild PyMySQL 1.0.2 install faild,Please install manually.
[2023-06-11 19:37:30] info faild PyMySQL 1.0.2 install faild,Please install manually.
[2023-06-11 19:37:30] info faild PyMySQL 1.0.2 install faild,Please install manually.
[2023-06-11 19:37:30] info faild PyMySQL 1.0.2 install faild,Please install manually.
[2023-06-11 19:37:30] info faild PyMySQL 1.0.2 install faild,Please install manually.
[2023-06-11 19:37:30] info faild PyNaCl 1.5.0 install faild,Please install manually.
[2023-06-11 19:37:30] info faild PyNaCl 1.5.0 install faild,Please install manually.
[2023-06-11 19:37:30] info faild PyNaCl 1.5.0 install faild,Please install manually.
[2023-06-11 19:37:30] info faild PyNaCl 1.5.0 install faild,Please install manually.
[2023-06-11 19:37:30] info faild PyNaCl 1.5.0 install faild,Please install manually.
[2023-06-11 19:37:30] info faild PyNaCl 1.5.0 install faild,Please install manually.
[2023-06-11 19:37:30] info faild PyNaCl 1.5.0 install faild,Please install manually.
[2023-06-11 19:37:30] info faild PyNaCl 1.5.0 install faild,Please install manually.
[2023-06-11 19:37:30] info faild PyNaCl 1.5.0 install faild,Please install manually.
[2023-06-11 19:37:30] info faild PyNaCl 1.5.0 install faild,Please install manually.
[2023-06-11 19:37:30] info faild PyNaCl 1.5.0 install faild,Please install manually.
[2023-06-11 19:37:30] info faild PyNaCl 1.5.0 install faild,Please install manually.
[2023-06-11 19:37:30] info faild PyNaCl 1.5.0 install faild,Please install manually.
[2023-06-11 19:37:30] info faild PyNaCl 1.5.0 install faild,Please install manually.
[2023-06-11 19:37:30] info faild PyNaCl 1.5.0 install faild,Please install manually.
[2023-06-11 19:37:30] info faild PyNaCl 1.5.0 install faild,Please install manually.
[2023-06-11 19:37:30] info faild PyNaCl 1.5.0 install faild,Please install manually.
[2023-06-11 19:37:30] info faild PyNaCl 1.5.0 install faild,Please install manually.
[2023-06-11 19:37:30] info faild PyNaCl 1.5.0 install faild,Please install manually.
[2023-06-11 19:37:30] info faild PyNaCl 1.5.0 install faild,Please install manually.
[2023-06-11 19:37:30] info faild PyNaCl 1.5.0 install faild,Please install manually.
[2023-06-11 19:37:30] info skip PyNaCl, Version available, no need to repeat, skipped.
[2023-06-11 19:37:30] info faild PyNaCl 1.5.0 install faild,Please install manually.
[2023-06-11 19:37:30] info faild PyNaCl 1.5.0 install faild,Please install manually.
[2023-06-11 19:37:30] info faild PyNaCl 1.5.0 install faild,Please install manually.
[2023-06-11 19:37:30] info faild PyNaCl 1.5.0 install faild,Please install manually.
[2023-06-11 19:37:30] info faild PyNaCl 1.5.0 install faild,Please install manually.
[2023-06-11 19:37:30] info faild PyNaCl 1.5.0 install faild,Please install manually.
[2023-06-11 19:37:30] info faild PyNaCl 1.5.0 install faild,Please install manually.
[2023-06-11 19:37:30] info faild PyNaCl 1.5.0 install faild,Please install manually.
[2023-06-11 19:37:30] info faild PyNaCl 1.5.0 install faild,Please install manually.
[2023-06-11 19:37:30] info faild PyNaCl 1.5.0 install faild,Please install manually.
[2023-06-11 19:37:30] info faild PyNaCl 1.5.0 install faild,Please install manually.
[2023-06-11 19:37:30] info faild PyNaCl 1.5.0 install faild,Please install manually.
[2023-06-11 19:37:30] info faild PyNaCl 1.5.0 install faild,Please install manually.
[2023-06-11 19:37:30] info faild PyYAML 6.0 install faild,Please install manually.
[2023-06-11 19:37:30] info faild PyYAML 6.0 install faild,Please install manually.
[2023-06-11 19:37:30] info faild PyYAML 6.0 install faild,Please install manually.
[2023-06-11 19:37:30] info faild PyYAML 6.0 install faild,Please install manually.
[2023-06-11 19:37:30] info faild PyYAML 6.0 install faild,Please install manually.
[2023-06-11 19:37:30] info faild PyYAML 6.0 install faild,Please install manually.
[2023-06-11 19:37:30] info faild PyYAML 6.0 install faild,Please install manually.
[2023-06-11 19:37:30] info faild PyYAML 6.0 install faild,Please install manually.
[2023-06-11 19:37:30] info faild PyYAML 6.0 install faild,Please install manually.
[2023-06-11 19:37:30] info faild PyYAML 6.0 install faild,Please install manually.
[2023-06-11 19:37:30] info faild PyYAML 6.0 install faild,Please install manually.
[2023-06-11 19:37:30] info faild PyYAML 6.0 install faild,Please install manually.
[2023-06-11 19:37:30] info faild PyYAML 6.0 install faild,Please install manually.
[2023-06-11 19:37:30] info faild PyYAML 6.0 install faild,Please install manually.
[2023-06-11 19:37:30] info faild PyYAML 6.0 install faild,Please install manually.
[2023-06-11 19:37:30] info faild PyYAML 6.0 install faild,Please install manually.
[2023-06-11 19:37:30] info faild PyYAML 6.0 install faild,Please install manually.
[2023-06-11 19:37:30] info faild PyYAML 6.0 install faild,Please install manually.
[2023-06-11 19:37:30] info faild PyYAML 6.0 install faild,Please install manually.
[2023-06-11 19:37:30] info faild PyYAML 6.0 install faild,Please install manually.
[2023-06-11 19:37:30] info faild PyYAML 6.0 install faild,Please install manually.
[2023-06-11 19:37:30] info faild PyYAML 6.0 install faild,Please install manually.
[2023-06-11 19:37:30] info faild PyYAML 6.0 install faild,Please install manually.
[2023-06-11 19:37:30] info faild PyYAML 6.0 install faild,Please install manually.
[2023-06-11 19:37:30] info skip PyYAML, Version available, no need to repeat, skipped.
[2023-06-11 19:37:30] info faild PyYAML 6.0 install faild,Please install manually.
[2023-06-11 19:37:30] info faild PyYAML 6.0 install faild,Please install manually.
[2023-06-11 19:37:30] info faild PyYAML 6.0 install faild,Please install manually.
[2023-06-11 19:37:30] info faild PyYAML 6.0 install faild,Please install manually.
[2023-06-11 19:37:30] info faild PyYAML 6.0 install faild,Please install manually.
[2023-06-11 19:37:30] info faild PyYAML 6.0 install faild,Please install manually.
[2023-06-11 19:37:30] info faild PyYAML 6.0 install faild,Please install manually.
[2023-06-11 19:37:30] info faild PyYAML 6.0 install faild,Please install manually.
[2023-06-11 19:37:30] info faild PyYAML 6.0 install faild,Please install manually.
[2023-06-11 19:37:30] info faild PyYAML 6.0 install faild,Please install manually.
[2023-06-11 19:38:52] info skip bcrypt, Version available, no need to repeat, skipped.
[2023-06-11 19:38:52] info faild cffi =1.15.1 install faild,Please install manually.
[2023-06-11 19:38:52] info skip cryptography, Version available, no need to repeat, skipped.
[2023-06-11 19:38:52] info skip paramiko, Version available, no need to repeat, skipped.
[2023-06-11 19:38:52] info skip pycparser, Version available, no need to repeat, skipped.
[2023-06-11 19:38:52] info skip PyMySQL, Version available, no need to repeat, skipped.
[2023-06-11 19:38:52] info skip PyNaCl, Version available, no need to repeat, skipped.
[2023-06-11 19:38:52] info skip PyYAML, Version available, no need to repeat, skipped.
[2023-06-11 20:09:22] info done remove name is asn1crypto.
[2023-06-11 20:09:22] info done remove name is async-timeout.
[2023-06-11 20:09:22] info done remove name is bcrypt.
[2023-06-11 20:09:22] info done remove name is certifi.
[2023-06-11 20:09:22] info done remove name is cffi.
[2023-06-11 20:09:22] info done remove name is charset-normalizer.
[2023-06-11 20:09:22] info done remove name is click.
[2023-06-11 20:09:22] info done remove name is cryptography.
[2023-06-11 20:09:23] info done remove name is dataclasses.
[2023-06-11 20:09:23] info done remove name is Deprecated.
[2023-06-11 20:09:23] info done remove name is Flask.
[2023-06-11 20:09:23] info done remove name is idna.
[2023-06-11 20:09:23] info done remove name is importlib-metadata.
[2023-06-11 20:09:23] info done remove name is itsdangerous.
[2023-06-11 20:09:23] info done remove name is Jinja2.
[2023-06-11 20:09:24] info done remove name is MarkupSafe.
[2023-06-11 20:09:24] info done remove name is packaging.
[2023-06-11 20:09:24] info done remove name is paramiko.
[2023-06-11 20:09:24] info done remove name is pycparser.
[2023-06-11 20:09:24] info done remove name is PyMySQL.
[2023-06-11 20:09:25] info done remove name is PyNaCl.
[2023-06-11 20:09:25] info done remove name is pyparsing.
[2023-06-11 20:09:25] info done remove name is python-dotenv.
[2023-06-11 20:09:25] info done remove name is PyYAML.
[2023-06-11 20:09:26] info done remove name is redis.
[2023-06-11 20:09:26] info done remove name is requests.
[2023-06-11 20:09:26] info done remove name is six.
[2023-06-11 20:09:26] info done remove name is typing_extensions.
[2023-06-11 20:09:27] info done remove name is urllib3.
[2023-06-11 20:09:27] info done remove name is Werkzeug.
[2023-06-11 20:09:27] info done remove name is wrapt.
[2023-06-11 20:09:27] info done remove name is zipp.
[2023-06-11 20:10:25] info done remove name is asn1crypto.
[2023-06-11 20:10:25] info done remove name is async-timeout.
[2023-06-11 20:10:25] info done remove name is bcrypt.
[2023-06-11 20:10:25] info done remove name is certifi.
[2023-06-11 20:10:25] info done remove name is cffi.
[2023-06-11 20:10:25] info done remove name is charset-normalizer.
[2023-06-11 20:10:25] info done remove name is click.
[2023-06-11 20:10:25] info done remove name is cryptography.
[2023-06-11 20:10:25] info done remove name is dataclasses.
[2023-06-11 20:10:25] info done remove name is Deprecated.
[2023-06-11 20:10:25] info done remove name is Flask.
[2023-06-11 20:10:25] info done remove name is idna.
[2023-06-11 20:10:25] info done remove name is importlib-metadata.
[2023-06-11 20:10:26] info done remove name is itsdangerous.
[2023-06-11 20:10:26] info done remove name is Jinja2.
[2023-06-11 20:10:26] info done remove name is MarkupSafe.
[2023-06-11 20:10:26] info done remove name is packaging.
[2023-06-11 20:10:26] info done remove name is paramiko.
[2023-06-11 20:10:27] info done remove name is pycparser.
[2023-06-11 20:10:27] info done remove name is PyMySQL.
[2023-06-11 20:10:27] info done remove name is PyNaCl.
[2023-06-11 20:10:27] info done remove name is pyparsing.
[2023-06-11 20:10:27] info done remove name is python-dotenv.
[2023-06-11 20:10:28] info done remove name is PyYAML.
[2023-06-11 20:10:28] info done remove name is redis.
[2023-06-11 20:10:28] info done remove name is requests.
[2023-06-11 20:10:28] info done remove name is six.
[2023-06-11 20:10:29] info done remove name is typing_extensions.
[2023-06-11 20:10:29] info done remove name is urllib3.
[2023-06-11 20:10:29] info done remove name is Werkzeug.
[2023-06-11 20:10:29] info done remove name is wrapt.
[2023-06-11 20:10:30] info done remove name is zipp.
[2023-06-11 20:29:51] info Starting checking Python version...
[2023-06-11 20:29:51] info Your Python version was personally tested by the author and you can successfully run the script !
[2023-06-11 20:29:51] info Starting checking Python pip...
[2023-06-11 20:29:51] error Pip dependency environment detection failed, Please rerun the initialization script. 'Init' object has no attribute 'pip_init'
[2023-06-11 20:29:51] info Starting init db environment...
[2023-06-11 20:29:51] info The environment lacks dependencies PyYAML and cannot load the yaml configuration file.
[2023-06-11 20:30:26] info Starting checking Python version...
[2023-06-11 20:30:26] info Your Python version was personally tested by the author and you can successfully run the script !
[2023-06-11 20:30:26] info Starting init db environment...
[2023-06-11 20:30:26] info The environment lacks dependencies PyYAML and cannot load the yaml configuration file.
[2023-06-13 10:11:48] info Starting checking Python version...
[2023-06-13 10:11:48] info Your Python version was personally tested by the author and you can successfully run the script !
[2023-06-13 10:11:48] info Starting init db environment...
[2023-06-13 10:11:48] info Current configuration information was {'mysql_server': {'host': '127.0.0.1', 'port': 12306, 'username': 'root', 'password': 0, 'database': 'monitor', 'charset': 'utf8mb4'}, 'redis_server': {'host': '127.0.0.1', 'port': 12308, 'password': 'password', 'db': 0}, 'web_port': 8088}.
[2023-06-13 10:11:49] error Redis server checked is failed, Please confirm the connection information, None
[2023-06-13 10:12:02] info Starting checking Python version...
[2023-06-13 10:12:02] info Your Python version was personally tested by the author and you can successfully run the script !
[2023-06-13 10:12:02] info Starting init db environment...
[2023-06-13 10:12:02] info Current configuration information was {'mysql_server': {'host': '127.0.0.1', 'port': 12306, 'username': 'root', 'password': 0, 'database': 'monitor', 'charset': 'utf8mb4'}, 'redis_server': {'host': '127.0.0.1', 'port': 12308, 'password': 'password', 'db': 0}, 'web_port': 8088}.
[2023-06-13 10:12:02] error Redis server checked is failed, Please confirm the connection information, None
[2023-06-13 10:12:40] info Starting checking Python version...
[2023-06-13 10:12:40] info Your Python version was personally tested by the author and you can successfully run the script !
[2023-06-13 10:12:40] info Starting init db environment...
[2023-06-13 10:12:40] info Current configuration information was {'mysql_server': {'host': '127.0.0.1', 'port': 12306, 'username': 'root', 'password': 0, 'database': 'monitor', 'charset': 'utf8mb4'}, 'redis_server': {'host': '127.0.0.1', 'port': 12308, 'password': 'default', 'db': 0}, 'web_port': 8088}.
[2023-06-13 10:12:40] error Redis server checked is failed, Please confirm the connection information, None
[2023-06-13 10:15:12] info Starting checking Python version...
[2023-06-13 10:15:12] info Your Python version was personally tested by the author and you can successfully run the script !
[2023-06-13 10:15:12] info Starting init db environment...
[2023-06-13 10:15:12] info Current configuration information was {'mysql_server': {'host': '127.0.0.1', 'port': 12306, 'username': 'root', 'password': 0, 'database': 'monitor', 'charset': 'utf8mb4'}, 'redis_server': {'host': '127.0.0.1', 'port': 12308, 'password': 'default', 'db': 0}, 'web_port': 8080}.
[2023-06-13 10:15:12] info Congratulations, your redis server is ready to use !
[2023-06-13 10:15:12] error MySQL server connection failed, Please confirm the connection information, (1045, "Access denied for user 'None'@'127.0.0.1' (using password: YES)")
[2023-06-13 10:17:08] info Starting checking Python version...
[2023-06-13 10:17:08] info Your Python version was personally tested by the author and you can successfully run the script !
[2023-06-13 10:17:08] info Starting init db environment...
[2023-06-13 10:17:08] info Current configuration information was {'mysql_server': {'host': '127.0.0.1', 'port': 12306, 'username': 'root', 'password': 0, 'database': 'monitor', 'charset': 'utf8mb4'}, 'redis_server': {'host': '127.0.0.1', 'port': 12308, 'password': 'default', 'db': 0}, 'web_port': 8080}.
[2023-06-13 10:17:09] info Congratulations, your redis server is ready to use !
[2023-06-13 10:17:09] error MySQL server connection failed, Please confirm the connection information, (1045, "Access denied for user 'None'@'127.0.0.1' (using password: YES)")
[2023-06-13 10:28:00] info Starting checking Python version...
[2023-06-13 10:28:00] info Your Python version was personally tested by the author and you can successfully run the script !
[2023-06-13 10:28:00] info Starting init db environment...
[2023-06-13 10:28:00] info Current configuration information was {'mysql_server': {'host': '127.0.0.1', 'port': 12306, 'username': 'root', 'password': 0, 'database': 'monitor', 'charset': 'utf8mb4'}, 'redis_server': {'host': '127.0.0.1', 'port': 12308, 'password': 'default', 'db': 0}, 'web_port': 8080}.
[2023-06-13 10:28:00] info Congratulations, your redis server is ready to use !
[2023-06-13 10:28:00] error MySQL server connection failed, Please confirm the connection information, (1045, "Access denied for user 'None'@'127.0.0.1' (using password: YES)")
[2023-06-13 10:28:33] info Starting checking Python version...
[2023-06-13 10:28:33] info Your Python version was personally tested by the author and you can successfully run the script !
[2023-06-13 10:28:33] info Starting init db environment...
[2023-06-13 10:28:33] info Current configuration information was {'mysql_server': {'host': '127.0.0.1', 'port': 12306, 'username': 'root', 'password': 0, 'database': 'monitor', 'charset': 'utf8mb4'}, 'redis_server': {'host': '127.0.0.1', 'port': 12308, 'password': 'default', 'db': 0}, 'web_port': 8080}.
[2023-06-13 10:28:33] info Congratulations, your redis server is ready to use !
[2023-06-13 10:28:33] info Congratulations, your MySQL server is ready to use !
[2023-06-13 10:28:33] info Successfully created database monitor.
[2023-06-13 10:28:49] info Starting checking Python version...
[2023-06-13 10:28:49] info Your Python version was personally tested by the author and you can successfully run the script !
[2023-06-13 10:28:49] info Starting init db environment...
[2023-06-13 10:28:49] info Current configuration information was {'mysql_server': {'host': '127.0.0.1', 'port': 12306, 'username': 'root', 'password': 0, 'database': 'monitor', 'charset': 'utf8mb4'}, 'redis_server': {'host': '127.0.0.1', 'port': 12308, 'password': 'default', 'db': 0}, 'web_port': 8080}.
[2023-06-13 10:28:50] info Congratulations, your redis server is ready to use !
[2023-06-13 10:28:50] info Congratulations, your MySQL server is ready to use !
[2023-06-13 10:28:50] info MySQL database monitor already exists, no need to create it again.
[2023-06-13 10:28:50] info Starting create table...
[2023-06-13 10:28:50] info done-----CREATE TABLE `connect_info`(`id` int NOT NULL AUTO_INCREMENT,`ip_addr` varchar(15) CHARACTER SET utf8mb4 COLLATE utf8mb4_general_ci NOT NULL COMMENT 'IP',`port` int NOT NULL COMMENT 'SSH',`username` varchar(50) CHARACTER SET utf8mb4 COLLATE utf8mb4_general_ci NOT NULL COMMENT 'SSH',`password` varchar(50) CHARACTER SET utf8mb4 COLLATE utf8mb4_general_ci NOT NULL COMMENT 'SSH',`listen_ports` varchar(100) CHARACTER SET utf8mb4 COLLATE utf8mb4_general_ci NULL DEFAULT NULL,`is_true` int NOT NULL COMMENT '01',PRIMARY KEY (`id`) USING BTREE) ENGINE = InnoDB CHARACTER SET = utf8mb4 COLLATE = utf8mb4_general_ci ROW_FORMAT = Dynamic;
[2023-06-13 10:28:50] info done-----CREATE TABLE `server_info`(`id` int NOT NULL AUTO_INCREMENT,`host_id` int NOT NULL,`ip_status` int NOT NULL COMMENT 'IP',`ssh_status` int NOT NULL COMMENT 'SSH',`cpu_used` int NULL DEFAULT 0 COMMENT '',`cpu_count` int NULL DEFAULT 0 COMMENT '',`cpu_proportion` varchar(8) CHARACTER SET utf8mb4 COLLATE utf8mb4_general_ci NULL DEFAULT '0' COMMENT 'CPU',`memory_count` int NULL DEFAULT 0 COMMENT '',`memory_used` int NULL DEFAULT 0 COMMENT '',`memory_proportion` varchar(8) CHARACTER SET utf8mb4 COLLATE utf8mb4_general_ci NULL DEFAULT '0' COMMENT '',`disk_count` int NULL DEFAULT 0 COMMENT '',`disk_used` int NULL DEFAULT 0 COMMENT '',`disk_proportion` int NULL DEFAULT 0 COMMENT '',`disk_detail` text CHARACTER SET utf8mb4 COLLATE utf8mb4_general_ci NULL COMMENT '',`ports_info` text CHARACTER SET utf8mb4 COLLATE utf8mb4_general_ci NULL COMMENT '',`created` datetime NOT NULL DEFAULT CURRENT_TIMESTAMP COMMENT '',PRIMARY KEY (`id`) USING BTREE,INDEX `serverID_id`(`host_id` ASC) USING BTREE,CONSTRAINT `serverID_id` FOREIGN KEY (`host_id`) REFERENCES `connect_info` (`id`) ON DELETE RESTRICT ON UPDATE RESTRICT) ENGINE = InnoDB CHARACTER SET = utf8mb4 COLLATE = utf8mb4_general_ci ROW_FORMAT = Dynamic;
[2023-06-13 10:28:50] info Starting insert data...
[2023-06-13 10:28:50] info done------ insert into dataINSERT INTO `connect_info` VALUES (1, '192.168.0.104', 22, 'root', '0', '21,22,3306,12306', 0);
[2023-06-13 10:28:50] info done----INSERT INTO `connect_info` VALUES (2, '192.168.0.108', 22, 'root', '0', '6379,27017,12308', 0);
[2023-06-13 10:28:50] error unknown error, (1452, 'Cannot add or update a child row: a foreign key constraint fails (`monitor`.`server_info`, CONSTRAINT `serverID_id` FOREIGN KEY (`host_id`) REFERENCES `connect_info` (`id`) ON DELETE RESTRICT ON UPDATE RESTRICT)'). INSERT INTO `server_info` VALUES (1, 1, 1, 1, NULL, NULL, NULL, NULL, NULL, NULL, NULL, NULL, NULL, NULL, NULL, '2023-06-10 03:43:18');
[2023-06-13 10:31:32] info Starting checking Python version...
[2023-06-13 10:31:32] info Your Python version was personally tested by the author and you can successfully run the script !
[2023-06-13 10:31:32] info Starting init db environment...
[2023-06-13 10:31:33] info Current configuration information was {'mysql_server': {'host': '127.0.0.1', 'port': 12306, 'username': 'root', 'password': 0, 'database': 'monitor', 'charset': 'utf8mb4'}, 'redis_server': {'host': '127.0.0.1', 'port': 12308, 'password': 'default', 'db': 0}, 'web_port': 8080}.
[2023-06-13 10:31:33] info Congratulations, your redis server is ready to use !
[2023-06-13 10:31:33] info Congratulations, your MySQL server is ready to use !
[2023-06-13 10:31:33] info MySQL database monitor already exists, no need to create it again.
[2023-06-13 10:32:28] info Starting checking Python version...
[2023-06-13 10:32:28] info Your Python version was personally tested by the author and you can successfully run the script !
[2023-06-13 10:32:28] info Starting init db environment...
[2023-06-13 10:32:28] info Current configuration information was {'mysql_server': {'host': '127.0.0.1', 'port': 12306, 'username': 'root', 'password': 0, 'database': 'monitor', 'charset': 'utf8mb4'}, 'redis_server': {'host': '127.0.0.1', 'port': 12308, 'password': 'default', 'db': 0}, 'web_port': 8080}.
[2023-06-13 10:32:29] info Congratulations, your redis server is ready to use !
[2023-06-13 10:32:29] info Congratulations, your MySQL server is ready to use !
[2023-06-13 10:32:29] info MySQL database monitor already exists, no need to create it again.
[2023-06-13 10:33:02] info Starting checking Python version...
[2023-06-13 10:33:02] info Your Python version was personally tested by the author and you can successfully run the script !
[2023-06-13 10:33:02] info Starting init db environment...
[2023-06-13 10:33:02] info Current configuration information was {'mysql_server': {'host': '127.0.0.1', 'port': 12306, 'username': 'root', 'password': 0, 'database': 'monitor', 'charset': 'utf8mb4'}, 'redis_server': {'host': '127.0.0.1', 'port': 12308, 'password': 'default', 'db': 0}, 'web_port': 8080}.
[2023-06-13 10:33:02] info Congratulations, your redis server is ready to use !
[2023-06-13 10:33:02] info Congratulations, your MySQL server is ready to use !
[2023-06-13 10:33:02] info MySQL database monitor already exists, no need to create it again.
[2023-06-13 10:33:02] info Starting create table...
[2023-06-13 10:33:02] info The data table connect_info already exists.
[2023-06-13 10:33:02] info The data table server_info already exists.
[2023-06-13 10:33:02] info Starting insert data...
[2023-06-13 10:33:02] info done------ insert into dataINSERT INTO `connect_info` VALUES (1, '192.168.0.104', 22, 'root', '0', '21,22,3306,12306', 0);
[2023-06-13 10:33:02] info done----INSERT INTO `connect_info` VALUES (2, '192.168.0.108', 22, 'root', '0', '6379,27017,12308', 0);
[2023-06-13 10:33:02] error unknown error, (1452, 'Cannot add or update a child row: a foreign key constraint fails (`monitor`.`server_info`, CONSTRAINT `serverID_id` FOREIGN KEY (`host_id`) REFERENCES `connect_info` (`id`) ON DELETE RESTRICT ON UPDATE RESTRICT)'). INSERT INTO `server_info` VALUES (1, 1, 1, 1, NULL, NULL, NULL, NULL, NULL, NULL, NULL, NULL, NULL, NULL, NULL, '2023-06-10 03:43:18');
[2023-06-13 10:33:30] info Starting checking Python version...
[2023-06-13 10:33:30] info Your Python version was personally tested by the author and you can successfully run the script !
[2023-06-13 10:33:30] info Starting init db environment...
[2023-06-13 10:33:30] info Current configuration information was {'mysql_server': {'host': '127.0.0.1', 'port': 12306, 'username': 'root', 'password': 0, 'database': 'monitor', 'charset': 'utf8mb4'}, 'redis_server': {'host': '127.0.0.1', 'port': 12308, 'password': 'default', 'db': 0}, 'web_port': 8080}.
[2023-06-13 10:33:31] info Congratulations, your redis server is ready to use !
[2023-06-13 10:33:31] info Congratulations, your MySQL server is ready to use !
[2023-06-13 10:33:31] info MySQL database monitor already exists, no need to create it again.
[2023-06-13 10:33:31] info Starting create table...
[2023-06-13 10:33:31] info The data table connect_info already exists.
[2023-06-13 10:33:31] info The data table server_info already exists.
[2023-06-13 10:33:31] info Starting insert data...
[2023-06-13 10:33:31] info done------ insert into dataINSERT INTO `server_info` VALUES (1, 1, 1, 1, NULL, NULL, NULL, NULL, NULL, NULL, NULL, NULL, NULL, NULL, NULL, '2023-06-10 03:43:18');
[2023-06-13 10:33:31] error unknown error, (1452, 'Cannot add or update a child row: a foreign key constraint fails (`monitor`.`server_info`, CONSTRAINT `serverID_id` FOREIGN KEY (`host_id`) REFERENCES `connect_info` (`id`) ON DELETE RESTRICT ON UPDATE RESTRICT)'). INSERT INTO `server_info` VALUES (2, 2, 0, 0, 3, 219, '1.0', 1016232, 821064, '81.0', 35345820, 4633080, 13, '[{\"path\": \"/dev/mapper/centos-root\", \"count_disk\": 13092864, \"used_disk\": 3549264, \"not_used_disk\": 9543600, \"proportion\": \"28%\"}, {\"path\": \"devtmpfs\", \"count_disk\": 497064, \"used_disk\": 0, \"not_used_disk\": 497064, \"proportion\": \"0%\"}, {\"path\": \"tmpfs\", \"count_disk\": 508116, \"used_disk\": 0, \"not_used_disk\": 508116, \"proportion\": \"0%\"}, {\"path\": \"tmpfs\", \"count_disk\": 508116, \"used_disk\": 6860, \"not_used_disk\": 501256, \"proportion\": \"2%\"}, {\"path\": \"tmpfs\", \"count_disk\": 508116, \"used_disk\": 0, \"not_used_disk\": 508116, \"proportion\": \"0%\"}, {\"path\": \"/dev/sdb1\", \"count_disk\": 19091584, \"used_disk\": 949560, \"not_used_disk\": 17165540, \"proportion\": \"6%\"}, {\"path\": \"/dev/sda1\", \"count_disk\": 1038336, \"used_disk\": 127396, \"not_used_disk\": 910940, \"proportion\": \"13%\"}, {\"path\": \"tmpfs\", \"count_disk\": 101624, \"used_disk\": 0, \"not_used_disk\": 101624, \"proportion\": \"0%\"}]', '[{\"port\": 6379, \"status\": \"closed\"}, {\"port\": 27017, \"status\": \"closed\"}, {\"port\": 12308, \"status\": \"listen\"}]', '2023-06-10 03:43:18');
[2023-06-13 10:36:09] info Starting checking Python version...
[2023-06-13 10:36:09] info Your Python version was personally tested by the author and you can successfully run the script !
[2023-06-13 10:36:09] info Starting init db environment...
[2023-06-13 10:36:09] info Current configuration information was {'mysql_server': {'host': '127.0.0.1', 'port': 12306, 'username': 'root', 'password': 0, 'database': 'monitor', 'charset': 'utf8mb4'}, 'redis_server': {'host': '127.0.0.1', 'port': 12308, 'password': 'default', 'db': 0}, 'web_port': 8080}.
[2023-06-13 10:36:09] info Congratulations, your redis server is ready to use !
[2023-06-13 10:36:10] info Congratulations, your MySQL server is ready to use !
[2023-06-13 10:36:10] info MySQL database monitor already exists, no need to create it again.
[2023-06-13 10:36:10] info Starting create table...
[2023-06-13 10:36:10] info The data table connect_info already exists.
[2023-06-13 10:36:10] info The data table server_info already exists.
[2023-06-13 10:36:10] info Starting insert data...
[2023-06-13 10:36:10] info done------ insert into dataINSERT INTO `server_info` VALUES (1, 1, 1, 1, NULL, NULL, NULL, NULL, NULL, NULL, NULL, NULL, NULL, NULL, NULL, '2023-06-10 03:43:18');
[2023-06-13 10:36:10] error unknown error, (1452, 'Cannot add or update a child row: a foreign key constraint fails (`monitor`.`server_info`, CONSTRAINT `serverID_id` FOREIGN KEY (`host_id`) REFERENCES `connect_info` (`id`) ON DELETE RESTRICT ON UPDATE RESTRICT)'). INSERT INTO `server_info` VALUES (2, 2, 0, 0, 3, 219, '1.0', 1016232, 821064, '81.0', 35345820, 4633080, 13, '[{\"path\": \"/dev/mapper/centos-root\", \"count_disk\": 13092864, \"used_disk\": 3549264, \"not_used_disk\": 9543600, \"proportion\": \"28%\"}, {\"path\": \"devtmpfs\", \"count_disk\": 497064, \"used_disk\": 0, \"not_used_disk\": 497064, \"proportion\": \"0%\"}, {\"path\": \"tmpfs\", \"count_disk\": 508116, \"used_disk\": 0, \"not_used_disk\": 508116, \"proportion\": \"0%\"}, {\"path\": \"tmpfs\", \"count_disk\": 508116, \"used_disk\": 6860, \"not_used_disk\": 501256, \"proportion\": \"2%\"}, {\"path\": \"tmpfs\", \"count_disk\": 508116, \"used_disk\": 0, \"not_used_disk\": 508116, \"proportion\": \"0%\"}, {\"path\": \"/dev/sdb1\", \"count_disk\": 19091584, \"used_disk\": 949560, \"not_used_disk\": 17165540, \"proportion\": \"6%\"}, {\"path\": \"/dev/sda1\", \"count_disk\": 1038336, \"used_disk\": 127396, \"not_used_disk\": 910940, \"proportion\": \"13%\"}, {\"path\": \"tmpfs\", \"count_disk\": 101624, \"used_disk\": 0, \"not_used_disk\": 101624, \"proportion\": \"0%\"}]', '[{\"port\": 6379, \"status\": \"closed\"}, {\"port\": 27017, \"status\": \"closed\"}, {\"port\": 12308, \"status\": \"listen\"}]', '2023-06-10 03:43:18');
[2023-06-13 10:36:44] info Starting checking Python version...
[2023-06-13 10:36:44] info Your Python version was personally tested by the author and you can successfully run the script !
[2023-06-13 10:36:44] info Starting init db environment...
[2023-06-13 10:36:44] info Current configuration information was {'mysql_server': {'host': '127.0.0.1', 'port': 12306, 'username': 'root', 'password': 0, 'database': 'monitor', 'charset': 'utf8mb4'}, 'redis_server': {'host': '127.0.0.1', 'port': 12308, 'password': 'default', 'db': 0}, 'web_port': 8080}.
[2023-06-13 10:36:44] info Congratulations, your redis server is ready to use !
[2023-06-13 10:36:44] info Congratulations, your MySQL server is ready to use !
[2023-06-13 10:36:44] info MySQL database monitor already exists, no need to create it again.
[2023-06-13 10:36:44] info Starting create table...
[2023-06-13 10:36:44] info The data table connect_info already exists.
[2023-06-13 10:36:44] info The data table server_info already exists.
[2023-06-13 10:36:44] info Starting insert data...
[2023-06-13 10:36:44] error unknown error, (1452, 'Cannot add or update a child row: a foreign key constraint fails (`monitor`.`server_info`, CONSTRAINT `serverID_id` FOREIGN KEY (`host_id`) REFERENCES `connect_info` (`id`) ON DELETE RESTRICT ON UPDATE RESTRICT)'). INSERT INTO `server_info` VALUES (1, 1, 1, 1, NULL, NULL, NULL, NULL, NULL, NULL, NULL, NULL, NULL, NULL, NULL, '2023-06-10 03:43:18');
[2023-06-13 10:37:08] info Starting checking Python version...
[2023-06-13 10:37:08] info Your Python version was personally tested by the author and you can successfully run the script !
[2023-06-13 10:37:08] info Starting init db environment...
[2023-06-13 10:37:08] info Current configuration information was {'mysql_server': {'host': '127.0.0.1', 'port': 12306, 'username': 'root', 'password': 0, 'database': 'monitor', 'charset': 'utf8mb4'}, 'redis_server': {'host': '127.0.0.1', 'port': 12308, 'password': 'default', 'db': 0}, 'web_port': 8080}.
[2023-06-13 10:37:09] info Congratulations, your redis server is ready to use !
[2023-06-13 10:37:09] info Congratulations, your MySQL server is ready to use !
[2023-06-13 10:37:09] info MySQL database monitor already exists, no need to create it again.
[2023-06-13 10:37:09] info Starting create table...
[2023-06-13 10:37:09] info The data table connect_info already exists.
[2023-06-13 10:37:09] info The data table server_info already exists.
[2023-06-13 10:37:09] info Starting insert data...
[2023-06-13 10:37:09] info done----INSERT INTO `connect_info` VALUES (1, '192.168.0.104', 22, 'root', '0', '21,22,3306,12306', 0);
[2023-06-13 10:37:09] info done----INSERT INTO `connect_info` VALUES (2, '192.168.0.108', 22, 'root', '0', '6379,27017,12308', 0);
[2023-06-13 10:37:09] info done----INSERT INTO `server_info` VALUES (1, 1, 1, 1, NULL, NULL, NULL, NULL, NULL, NULL, NULL, NULL, NULL, NULL, NULL, '2023-06-10 03:43:18');
[2023-06-13 10:37:09] info done----INSERT INTO `server_info` VALUES (2, 2, 0, 0, 3, 219, '1.0', 1016232, 821064, '81.0', 35345820, 4633080, 13, '[{\"path\": \"/dev/mapper/centos-root\", \"count_disk\": 13092864, \"used_disk\": 3549264, \"not_used_disk\": 9543600, \"proportion\": \"28%\"}, {\"path\": \"devtmpfs\", \"count_disk\": 497064, \"used_disk\": 0, \"not_used_disk\": 497064, \"proportion\": \"0%\"}, {\"path\": \"tmpfs\", \"count_disk\": 508116, \"used_disk\": 0, \"not_used_disk\": 508116, \"proportion\": \"0%\"}, {\"path\": \"tmpfs\", \"count_disk\": 508116, \"used_disk\": 6860, \"not_used_disk\": 501256, \"proportion\": \"2%\"}, {\"path\": \"tmpfs\", \"count_disk\": 508116, \"used_disk\": 0, \"not_used_disk\": 508116, \"proportion\": \"0%\"}, {\"path\": \"/dev/sdb1\", \"count_disk\": 19091584, \"used_disk\": 949560, \"not_used_disk\": 17165540, \"proportion\": \"6%\"}, {\"path\": \"/dev/sda1\", \"count_disk\": 1038336, \"used_disk\": 127396, \"not_used_disk\": 910940, \"proportion\": \"13%\"}, {\"path\": \"tmpfs\", \"count_disk\": 101624, \"used_disk\": 0, \"not_used_disk\": 101624, \"proportion\": \"0%\"}]', '[{\"port\": 6379, \"status\": \"closed\"}, {\"port\": 27017, \"status\": \"closed\"}, {\"port\": 12308, \"status\": \"listen\"}]', '2023-06-10 03:43:18');
[2023-06-13 10:37:09] info MySQL database initialization completed.
[2023-06-13 10:37:32] info Starting checking Python version...
[2023-06-13 10:37:32] info Your Python version was personally tested by the author and you can successfully run the script !
[2023-06-13 10:37:32] info Starting init db environment...
[2023-06-13 10:37:32] info Current configuration information was {'mysql_server': {'host': '127.0.0.1', 'port': 12306, 'username': 'root', 'password': 0, 'database': 'monitor', 'charset': 'utf8mb4'}, 'redis_server': {'host': '127.0.0.1', 'port': 12308, 'password': 'default', 'db': 0}, 'web_port': 8080}.
[2023-06-13 10:37:32] info Congratulations, your redis server is ready to use !
[2023-06-13 10:37:32] info Congratulations, your MySQL server is ready to use !
[2023-06-13 10:37:32] info MySQL database monitor already exists, no need to create it again.
[2023-06-13 10:37:32] info Starting create table...
[2023-06-13 10:37:32] info The data table connect_info already exists.
[2023-06-13 10:37:32] info The data table server_info already exists.
[2023-06-13 10:37:32] info Starting insert data...
[2023-06-13 10:37:32] error unknown error, (1062, "Duplicate entry '1' for key 'connect_info.PRIMARY'"). INSERT INTO `connect_info` VALUES (1, '192.168.0.104', 22, 'root', '0', '21,22,3306,12306', 0);
